<?xml version="1.0" encoding="utf-8"?>
<log version="1.0" tool="runtool">

<msg id="1" tool="runtool">
  <type>log-start</type>
  <arg>2017/12/14 16:04:17</arg>
</msg>
<msg id="2" tool="runtool">
  <type>collector-starts</type>
</msg>
<msg id="3" tool="runtool">
  <type>marker-file</type>
  <arg>/tmp/guest-6wgwgt/aakash_work/Intel-HPC-Workshop/advisor-results/iso3dfd/e000/trc000/trc000.advixe</arg>
</msg>
<msg id="4" tool="trc">
  <type>PROCESS_START</type>
  <arg>/tmp/guest-6wgwgt/aakash_work/Intel-HPC-Workshop/iso3dfd-vtune/bin/iso3dfd_dev01_cpu_avx2.exe</arg>
  <arg>550</arg>
  <severity>INFO</severity>
  <timestamp>Thu Dec 14 16:04:17 2017</timestamp>
</msg>
<msg id="5" tool="trc">
  <type>PROCESS_ANALYSIS_MODE</type>
  <arg>full</arg>
  <severity>INFO</severity>
  <timestamp>Thu Dec 14 16:04:17 2017</timestamp>
</msg>
<msg id="6" tool="trc">
  <type>LOAD_MODULE</type>
  <arg>/tmp/guest-6wgwgt/aakash_work/Intel-HPC-Workshop/iso3dfd-vtune/bin/iso3dfd_dev01_cpu_avx2.exe</arg>
  <arg>0x400000</arg>
  <arg>0x60b87f</arg>
  <severity>INFO</severity>
  <timestamp>Thu Dec 14 16:04:17 2017</timestamp>
</msg>
<msg id="7" tool="trc">
  <type>LOAD_MODULE</type>
  <arg>/lib64/ld-linux-x86-64.so.2</arg>
  <arg>0x3388a00000</arg>
  <arg>0x3388c27167</arg>
  <severity>INFO</severity>
  <timestamp>Thu Dec 14 16:04:17 2017</timestamp>
</msg>
<msg id="8" tool="trc">
  <type>LOAD_MODULE</type>
  <arg>[vdso]</arg>
  <arg>0x7ffd544f5000</arg>
  <arg>0x7ffd544f5e1a</arg>
  <severity>INFO</severity>
  <timestamp>Thu Dec 14 16:04:17 2017</timestamp>
</msg>
<msg id="9" tool="trc">
  <type>LOAD_MODULE</type>
  <arg>/lib/x86_64-linux-gnu/librt.so.1</arg>
  <arg>0x338a600000</arg>
  <arg>0x338a807bbf</arg>
  <severity>INFO</severity>
  <timestamp>Thu Dec 14 16:04:17 2017</timestamp>
</msg>
<msg id="10" tool="trc">
  <type>LOAD_MODULE</type>
  <arg>/usr/lib/x86_64-linux-gnu/libstdc++.so.6</arg>
  <arg>0x3cb6a00000</arg>
  <arg>0x3cb6d813ff</arg>
  <severity>INFO</severity>
  <timestamp>Thu Dec 14 16:04:17 2017</timestamp>
</msg>
<msg id="11" tool="trc">
  <type>LOAD_MODULE</type>
  <arg>/lib/x86_64-linux-gnu/libm.so.6</arg>
  <arg>0x3389e00000</arg>
  <arg>0x338a1080f7</arg>
  <severity>INFO</severity>
  <timestamp>Thu Dec 14 16:04:17 2017</timestamp>
</msg>
<msg id="12" tool="trc">
  <type>LOAD_MODULE</type>
  <arg>/opt/intel/compilers_and_libraries_2018.1.163/linux/compiler/lib/intel64/libiomp5.so</arg>
  <arg>0x7fa9bd80a000</arg>
  <arg>0x7fa9bdbc2c7f</arg>
  <severity>INFO</severity>
  <timestamp>Thu Dec 14 16:04:17 2017</timestamp>
</msg>
<msg id="13" tool="trc">
  <type>LOAD_MODULE</type>
  <arg>/lib/x86_64-linux-gnu/libgcc_s.so.1</arg>
  <arg>0x3aef400000</arg>
  <arg>0x3aef61590f</arg>
  <severity>INFO</severity>
  <timestamp>Thu Dec 14 16:04:17 2017</timestamp>
</msg>
<msg id="14" tool="trc">
  <type>LOAD_MODULE</type>
  <arg>/lib/x86_64-linux-gnu/libpthread.so.0</arg>
  <arg>0x3389600000</arg>
  <arg>0x338981c427</arg>
  <severity>INFO</severity>
  <timestamp>Thu Dec 14 16:04:17 2017</timestamp>
</msg>
<msg id="15" tool="trc">
  <type>LOAD_MODULE</type>
  <arg>/lib/x86_64-linux-gnu/libc.so.6</arg>
  <arg>0x3388e00000</arg>
  <arg>0x33891c999f</arg>
  <severity>INFO</severity>
  <timestamp>Thu Dec 14 16:04:17 2017</timestamp>
</msg>
<msg id="16" tool="trc">
  <type>LOAD_MODULE</type>
  <arg>/lib/x86_64-linux-gnu/libdl.so.2</arg>
  <arg>0x3389200000</arg>
  <arg>0x33894030ef</arg>
  <severity>INFO</severity>
  <timestamp>Thu Dec 14 16:04:17 2017</timestamp>
</msg>
<msg id="17" tool="trc">
  <type>LOAD_MODULE</type>
  <arg>/opt/intel/advisor_2018.1.1.535164/lib64/runtime/libittnotify.so</arg>
  <arg>0x7fa9bc688000</arg>
  <arg>0x7fa9bc89363f</arg>
  <severity>INFO</severity>
  <timestamp>Thu Dec 14 16:04:17 2017</timestamp>
</msg>
<msg id="18" tool="trc">
  <type>UNLOAD_MODULE</type>
  <arg>/tmp/guest-6wgwgt/aakash_work/Intel-HPC-Workshop/iso3dfd-vtune/bin/iso3dfd_dev01_cpu_avx2.exe</arg>
  <severity>INFO</severity>
  <timestamp>Thu Dec 14 16:04:19 2017</timestamp>
</msg>
<msg id="19" tool="trc">
  <type>UNLOAD_MODULE</type>
  <arg>/lib64/ld-linux-x86-64.so.2</arg>
  <severity>INFO</severity>
  <timestamp>Thu Dec 14 16:04:19 2017</timestamp>
</msg>
<msg id="20" tool="trc">
  <type>UNLOAD_MODULE</type>
  <arg>[vdso]</arg>
  <severity>INFO</severity>
  <timestamp>Thu Dec 14 16:04:19 2017</timestamp>
</msg>
<msg id="21" tool="trc">
  <type>UNLOAD_MODULE</type>
  <arg>/lib/x86_64-linux-gnu/librt.so.1</arg>
  <severity>INFO</severity>
  <timestamp>Thu Dec 14 16:04:19 2017</timestamp>
</msg>
<msg id="22" tool="trc">
  <type>UNLOAD_MODULE</type>
  <arg>/usr/lib/x86_64-linux-gnu/libstdc++.so.6</arg>
  <severity>INFO</severity>
  <timestamp>Thu Dec 14 16:04:19 2017</timestamp>
</msg>
<msg id="23" tool="trc">
  <type>UNLOAD_MODULE</type>
  <arg>/lib/x86_64-linux-gnu/libm.so.6</arg>
  <severity>INFO</severity>
  <timestamp>Thu Dec 14 16:04:19 2017</timestamp>
</msg>
<msg id="24" tool="trc">
  <type>UNLOAD_MODULE</type>
  <arg>/opt/intel/compilers_and_libraries_2018.1.163/linux/compiler/lib/intel64/libiomp5.so</arg>
  <severity>INFO</severity>
  <timestamp>Thu Dec 14 16:04:19 2017</timestamp>
</msg>
<msg id="25" tool="trc">
  <type>UNLOAD_MODULE</type>
  <arg>/lib/x86_64-linux-gnu/libgcc_s.so.1</arg>
  <severity>INFO</severity>
  <timestamp>Thu Dec 14 16:04:19 2017</timestamp>
</msg>
<msg id="26" tool="trc">
  <type>UNLOAD_MODULE</type>
  <arg>/lib/x86_64-linux-gnu/libpthread.so.0</arg>
  <severity>INFO</severity>
  <timestamp>Thu Dec 14 16:04:19 2017</timestamp>
</msg>
<msg id="27" tool="trc">
  <type>UNLOAD_MODULE</type>
  <arg>/lib/x86_64-linux-gnu/libc.so.6</arg>
  <severity>INFO</severity>
  <timestamp>Thu Dec 14 16:04:19 2017</timestamp>
</msg>
<msg id="28" tool="trc">
  <type>UNLOAD_MODULE</type>
  <arg>/lib/x86_64-linux-gnu/libdl.so.2</arg>
  <severity>INFO</severity>
  <timestamp>Thu Dec 14 16:04:19 2017</timestamp>
</msg>
<msg id="29" tool="trc">
  <type>UNLOAD_MODULE</type>
  <arg>/opt/intel/advisor_2018.1.1.535164/lib64/runtime/libittnotify.so</arg>
  <severity>INFO</severity>
  <timestamp>Thu Dec 14 16:04:19 2017</timestamp>
</msg>
<msg id="30" tool="trc">
  <type>PROCESS_FINISH</type>
  <arg>/tmp/guest-6wgwgt/aakash_work/Intel-HPC-Workshop/iso3dfd-vtune/bin/iso3dfd_dev01_cpu_avx2.exe</arg>
  <arg>550</arg>
  <arg>0x0</arg>
  <severity>INFO</severity>
  <timestamp>Thu Dec 14 16:04:19 2017</timestamp>
</msg>
<msg id="31" tool="runtool">
  <type>app-exit-code</type>
  <arg>0</arg>
</msg>
<msg id="32" tool="runtool">
  <type>marker-file</type>
  <arg>/tmp/guest-6wgwgt/aakash_work/Intel-HPC-Workshop/advisor-results/iso3dfd/e000/trc000/trc000.advixe</arg>
</msg>
<msg id="33" tool="runtool">
  <type>collector-done</type>
</msg>
<msg id="34" tool="runtool">
  <type>log-end</type>
  <arg>2017/12/14 16:04:22</arg>
</msg>

</log>

