7 [140185893058368] TRACE perfrun.launcher <> - ENTER: int main(int, char **)
8 [140185893058368] TRACE perfrun.launcher <> - ENTER: Start the collection
8 [140185893058368] INFO perfrun.launcher <> - argc = 7; cmdline = /opt/intel/advisor_2018.1.1.535164/bin64/advixe-runss --ui-output-format xml --ui-output-fd 33 --option-file /tmp/guest-6wgwgt/aakash_work/Intel-HPC-Workshop/advisor-results/iso3dfd/e000/hs002/config/runss.options 
8 [140185893058368] TRACE perfrun.launcher <> - ENTER: Initialize the launcher
9 [140185893058368] TRACE perfrun.launcher <> - ENTER: void runtool::CmdLineParser::declareOptions()
13 [140185893058368] TRACE perfrun.launcher <> - EXIT:  void runtool::CmdLineParser::declareOptions()
13 [140185893058368] TRACE perfrun.system <> - ENTER: static runtool::system::IController *runtool::system::IController::create()
13 [140185893058368] TRACE perfrun.system <> - ENTER: runtool::system::Controller::Controller()
13 [140185893058368] TRACE perfrun.system <> - EXIT:  runtool::system::Controller::Controller()
13 [140185893058368] TRACE perfrun.system <> - EXIT:  static runtool::system::IController *runtool::system::IController::create()
13 [140185893058368] INFO perfrun.launcher <> - plugin system has been added successfully
13 [140185893058368] INFO perfrun.launcher <> - plugin  has been added successfully
13 [140185893058368] INFO perfrun.launcher <> - plugin  has been added successfully
13 [140185893058368] INFO perfrun.launcher <> - plugin  has been added successfully
13 [140185893058368] INFO perfrun.launcher <> - plugin  has been added successfully
13 [140185893058368] INFO perfrun.launcher <> - plugin  has been added successfully
13 [140185893058368] INFO perfrun.launcher <> - plugin  has been added successfully
13 [140185893058368] INFO perfrun.launcher <> - plugin mrte has been added successfully
13 [140185893058368] INFO perfrun.launcher <> - plugin  has been added successfully
13 [140185893058368] INFO perfrun.launcher <> - plugin  has been added successfully
13 [140185893058368] INFO perfrun.launcher <> - plugin  has been added successfully
13 [140185893058368] INFO perfrun.launcher <> - plugin  has been added successfully
13 [140185893058368] INFO perfrun.launcher <> - plugin  has been added successfully
13 [140185893058368] TRACE perfrun.tpss <> - ENTER: static runtool::sdk::IController *runtool::tpss::IController::create()
13 [140185893058368] TRACE perfrun.tpss <> - ENTER: create tpss controller
13 [140185893058368] TRACE perfrun.tpss <> - EXIT:  create tpss controller
13 [140185893058368] TRACE perfrun.tpss <> - EXIT:  static runtool::sdk::IController *runtool::tpss::IController::create()
13 [140185893058368] INFO perfrun.launcher <> - plugin tpss has been added successfully
13 [140185893058368] INFO perfrun.launcher <> - plugin  has been added successfully
13 [140185893058368] INFO perfrun.launcher <> - plugin  has been added successfully
13 [140185893058368] INFO perfrun.launcher <> - plugin  has been added successfully
13 [140185893058368] INFO perfrun.launcher <> - plugin  has been added successfully
13 [140185893058368] INFO perfrun.launcher <> - plugin  has been added successfully
13 [140185893058368] INFO perfrun.launcher <> - plugin  has been added successfully
14 [140185893058368] INFO perfrun.launcher <> - the option was added --interval: Specify an interval of data collection (for example, sampling) in milliseconds.
14 [140185893058368] INFO perfrun.launcher <> - the option was added --follow-child: Profile process with or without children.
14 [140185893058368] INFO perfrun.launcher <> - the option was added --gelding: BADMSG: perfrun1.launcher.plugin_manager::gelding
14 [140185893058368] INFO perfrun.launcher <> - the option was added --time-source: Specify time source for measurement. Possible values: sys - wall clock time; tsc - time stamp counter; ext - time from an external source; auto - auto select accurate time source.
14 [140185893058368] INFO perfrun.launcher <> - the option was added --stack: Enable or disable collection of stacks.
14 [140185893058368] INFO perfrun.launcher <> - the option was added --stack-stitching: Enable or disable the stack stitching algorithm for Intel TBB-based applications.
14 [140185893058368] INFO perfrun.launcher <> - the option was added --type: Specify type of data to be collected. For example, --type cpu:counters,waiting:nostack,io.
14 [140185893058368] INFO perfrun.launcher <> - the option was added --mrte-mode: Specify Java/.NET/other managed runtime collection mode. Possible values: native - collect information only for native code; managed - collect information only for managed code; mixed - collect information for both managed and native code; auto - choose the mode based on binary type.
14 [140185893058368] INFO perfrun.launcher <> - the option was added --mrte-mode-list: List supported Java/.NET/other managed runtime collection modes.
14 [140185893058368] INFO perfrun.launcher <> - the option was added --mrte-type: Specify which managed runtimes to collect. Possible values: java - collect information for Java; dotnet - collect information for .NET; python - collect information for CPython. You can specify several values separated by comma.
14 [140185893058368] INFO perfrun.launcher <> - the option was added --mrte-type-list: List supported Java/.NET/other managed runtime types.
14 [140185893058368] INFO perfrun.launcher <> - the option was added --trace-strategy: Specify how to profile a process tree. <string> can be "<process>:trace:notrace" - profile the process but do not profile its children. Shorthand parameters: t - trace, nt - notrace. For example, "vtunedemo.exe:t:t".
14 [140185893058368] INFO perfrun.launcher <> - the option was added --collector: BADMSG: perfrun1.launcher.plugin_manager::collector
14 [140185893058368] INFO perfrun.launcher <> - the option was added --system-wide: Enable system-wide profiling. This mode may require additional permissions.
14 [140185893058368] INFO perfrun.launcher <> - the option was added --kvm-guest: Enable KVM guest OS profiling.
14 [140185893058368] INFO perfrun.launcher <> - the option was added --kvm-guest-kallsyms: Specify a local path to the /proc/kallsyms file copied from the guest OS for proper symbol resolution.
14 [140185893058368] INFO perfrun.launcher <> - the option was added --kvm-guest-modules: Specify a local path to the /proc/modules file copied from the guest OS for proper symbol resolution.
14 [140185893058368] INFO perfrun.launcher <> - the option was added --dump-vdso: Dump [vdso] to result directory
14 [140185893058368] INFO perfrun.launcher <> - the option was added --bandwidth-limits: Measure bandwidth limits
14 [140185893058368] INFO perfrun.launcher <> - the option was added --bandwidth-strategy: Bandwidth limits determination specific properties (example: --bandwidth-strategy array-size=0,duration=500).
14 [140185893058368] INFO perfrun.launcher <> - the option was added --bandwidth-config: List of benchmarks to run.
14 [140185893058368] INFO perfrun.launcher <> - the option was added --system-collector-config: Specify subcollectors. Possible values: all, vdso, container, device-info, none.
14 [140185893058368] INFO perfrun.launcher <> - the option was added --stackwalk: Specify stack unwinding method. Possible values: online - unwind stacks during collection; offline - unwind stacks after collection is finished.
14 [140185893058368] INFO perfrun.launcher <> - the option was added --filter-include: Filter data during collection. Possible values: contended=<on|off> - filter out uncontended events; contended_nostack=<time> - filter out stacks for contended events that take less than <time> microseconds; wait=<time> - ignore transitions and blocks with wait time less than <time> microseconds; wait_nostack=<time> - filter out stacks for waits that take less than <time> microseconds.
14 [140185893058368] INFO perfrun.launcher <> - the option was added --debug-pin: Debug PIN tool and runtime.
14 [140185893058368] INFO perfrun.launcher <> - the option was added --debug-exception: Disallow the application to set own abnormal termination handler.
14 [140185893058368] INFO perfrun.launcher <> - the option was added --trace-type: Specify the trace file granularity. Possible values: per-thread - per-thread trace file generation; per-process - per-process trace file generation.
14 [140185893058368] INFO perfrun.launcher <> - the option was added --instrumentation-type: Specify type of instrumentation.
14 [140185893058368] INFO perfrun.launcher <> - the option was added --altstack: Enable or disable usage of altstacks for profiling signal handlers.
14 [140185893058368] INFO perfrun.launcher <> - the option was added --profiling-signal: Alternate profiling signal.
14 [140185893058368] INFO perfrun.launcher <> - the option was added --memory-strategy: Specify a minimal memory object size to be traced and a hash table size for faster objects search; for example: --memory-strategy obj-size-min=1024,hash-table-size=4096.
14 [140185893058368] INFO perfrun.launcher <> - the option was added --target-system: BADMSG: perfrun1.launcher.plugin_manager::target-system
14 [140185893058368] TRACE perfrun.launcher <> - Update configuration: tmp directory = /tmp/advixe-tmp-guest-6wgwgt
14 [140185893058368] TRACE perfrun.launcher <> - EXIT:  Initialize the launcher
15 [140185893058368] TRACE perfrun.launcher <> - ENTER: void runtool::CmdLineParser::parseOptionFile(const std::basic_string<char, std::char_traits<char>, std::allocator<char>> &)
15 [140185893058368] TRACE perfrun.launcher <> - EXIT:  void runtool::CmdLineParser::parseOptionFile(const std::basic_string<char, std::char_traits<char>, std::allocator<char>> &)
15 [140185893058368] INFO perfrun.launcher <> - create msngr2::ICliToolContext
15 [140185893058368] TRACE perfrun.launcher <> - ENTER: void runtool::CmdLineParser::validateParseResult() const
15 [140185893058368] TRACE perfrun.launcher <> - EXIT:  void runtool::CmdLineParser::validateParseResult() const
16 [140185893058368] TRACE perfrun.launcher <> - ENTER: void runtool::CmdLineParser::populate(runtool::IConfiguration *) const
16 [140185893058368] TRACE perfrun.launcher <> - Update configuration: action = start
16 [140185893058368] TRACE perfrun.launcher <> - Update configuration: collection type = launcher
16 [140185893058368] TRACE perfrun.launcher <> - Update configuration: compression level = 2
16 [140185893058368] TRACE perfrun.launcher <> - Update configuration: duration = 0 sec
16 [140185893058368] TRACE perfrun.launcher <> - Update configuration: data limit = 524288000 bytes
16 [140185893058368] TRACE perfrun.launcher <> - Update configuration: disc space limit = 0 bytes
16 [140185893058368] TRACE perfrun.launcher <> - Update configuration: return-app-exitcode = true
16 [140185893058368] TRACE perfrun.launcher <> - Update configuration: result directory = /tmp/guest-6wgwgt/aakash_work/Intel-HPC-Workshop/advisor-results/iso3dfd/e000/hs002
16 [140185893058368] TRACE perfrun.launcher <> - Update configuration: application = /tmp/guest-6wgwgt/aakash_work/Intel-HPC-Workshop/iso3dfd-vtune/bin/iso3dfd_dev01_cpu_avx2.exe
16 [140185893058368] TRACE perfrun.launcher <> - Update configuration: application argument = 64
16 [140185893058368] TRACE perfrun.launcher <> - Update configuration: application argument = 64
16 [140185893058368] TRACE perfrun.launcher <> - Update configuration: application argument = 64
16 [140185893058368] TRACE perfrun.launcher <> - [IN] option = interval; value = 10 !u32_t
16 [140185893058368] TRACE perfrun.launcher <> - [IN] option = follow-child; value = true !bool
16 [140185893058368] TRACE perfrun.launcher <> - [IN] option = gelding; value = false !bool
16 [140185893058368] TRACE perfrun.launcher <> - [IN] option = time-source; value = auto !ustring
16 [140185893058368] TRACE perfrun.launcher <> - [IN] option = stack; value = true !bool
16 [140185893058368] TRACE perfrun.launcher <> - [IN] option = stack-stitching; value = true !bool
16 [140185893058368] TRACE perfrun.launcher <> - [IN] option = type; value = cpu:stack !ustring
16 [140185893058368] TRACE perfrun.launcher <> - [IN] option = mrte-mode; value = auto !ustring
16 [140185893058368] TRACE perfrun.launcher <> - [IN] option = mrte-type; value = java !ustring
16 [140185893058368] TRACE perfrun.launcher <> - [IN] option = mrte-type; value = python !ustring
16 [140185893058368] TRACE perfrun.launcher <> - [IN] option = trace-strategy; value = ld-linux.so.2:notrace:notrace !ustring
16 [140185893058368] TRACE perfrun.launcher <> - [IN] option = trace-strategy; value = ld-linux-x86-64.so.2:notrace:notrace !ustring
16 [140185893058368] TRACE perfrun.launcher <> - [IN] option = collector; value = sep !ustring
16 [140185893058368] TRACE perfrun.launcher <> - [IN] option = system-wide; value = false !bool
16 [140185893058368] TRACE perfrun.launcher <> - [IN] option = kvm-guest; value = false !bool
16 [140185893058368] TRACE perfrun.launcher <> - [IN] option = bandwidth-limits; value = false !bool
16 [140185893058368] TRACE perfrun.launcher <> - [IN] option = bandwidth-config; value = dram !ustring
16 [140185893058368] TRACE perfrun.launcher <> - [IN] option = bandwidth-config; value = mcdram !ustring
16 [140185893058368] TRACE perfrun.launcher <> - [IN] option = bandwidth-config; value = cpu_cache !ustring
16 [140185893058368] TRACE perfrun.launcher <> - [IN] option = bandwidth-config; value = flop_peak !ustring
16 [140185893058368] TRACE perfrun.launcher <> - [IN] option = system-collector-config; value = all !ustring
16 [140185893058368] TRACE perfrun.launcher <> - [IN] option = stackwalk; value = offline !ustring
16 [140185893058368] TRACE perfrun.launcher <> - [IN] option = trace-type; value = per-thread !ustring
16 [140185893058368] TRACE perfrun.launcher <> - [IN] option = instrumentation-type; value = pin !ustring
16 [140185893058368] TRACE perfrun.launcher <> - [IN] option = altstack; value = true !bool
16 [140185893058368] TRACE perfrun.launcher <> - EXIT:  void runtool::CmdLineParser::populate(runtool::IConfiguration *) const
16 [140185883916032] TRACE perfrun.tpss <> - ENTER: void runtool::tpss::Controller::setMessageChannel(runtool::sdk::IMessageChannel *)
16 [140185883916032] TRACE perfrun.tpss <> - EXIT:  void runtool::tpss::Controller::setMessageChannel(runtool::sdk::IMessageChannel *)
16 [140185893058368] INFO perfrun.launcher <> - create file finder object
16 [140185883916032] TRACE perfrun.tpss <> - ENTER: void runtool::tpss::Controller::setRequestHandler(runtool::sdk::IRequestHandler *)
16 [140185883916032] TRACE perfrun.tpss <> - EXIT:  void runtool::tpss::Controller::setRequestHandler(runtool::sdk::IRequestHandler *)
16 [140185893058368] TRACE perfrun.launcher <> - Handle the user request: action = 0
16 [140185893058368] TRACE perfrun.launcher <> - ENTER: int runtool::Launcher::doStart()
16 [140185893058368] TRACE perfrun.launcher <> - ENTER: void runtool::Launcher::prepareLaunch()
16 [140185893058368] TRACE perfrun.launcher <> - ENTER: void runtool::Launcher::prepareResultDirectory()
16 [140185893058368] INFO perfrun.launcher <> - create a result directory: pattern = /tmp/guest-6wgwgt/aakash_work/Intel-HPC-Workshop/advisor-results/iso3dfd/e000/hs002 pid = 4294967295
18 [140185893058368] TRACE perfrun.sdk <> - ENTER: bool runtool::sdk::DirectoryInfo::isLocal() const
18 [140185893058368] INFO perfrun.sdk <> - checked that the directory /tmp/guest-6wgwgt/aakash_work/Intel-HPC-Workshop/advisor-results/iso3dfd/e000/hs002 is a local directory
18 [140185893058368] INFO perfrun.sdk <> - the directory /tmp/guest-6wgwgt/aakash_work/Intel-HPC-Workshop/advisor-results/iso3dfd/e000/hs002 is a local directory with FS type ID 16914836
18 [140185893058368] TRACE perfrun.sdk <> - EXIT:  bool runtool::sdk::DirectoryInfo::isLocal() const
18 [140185893058368] TRACE perfrun.launcher <> - Update configuration: result directory = /tmp/guest-6wgwgt/aakash_work/Intel-HPC-Workshop/advisor-results/iso3dfd/e000/hs002
18 [140185893058368] INFO perfrun.launcher <> - create data directory = /tmp/guest-6wgwgt/aakash_work/Intel-HPC-Workshop/advisor-results/iso3dfd/e000/hs002/data.0
18 [140185893058368] TRACE perfrun.launcher <> - Update configuration: data directory = /tmp/guest-6wgwgt/aakash_work/Intel-HPC-Workshop/advisor-results/iso3dfd/e000/hs002/data.0
18 [140185893058368] TRACE perfrun.launcher <> - EXIT:  void runtool::Launcher::prepareResultDirectory()
18 [140185893058368] TRACE perfrun.launcher <> - IMessenger: send collection state with state = 11
19 [140185883916032] TRACE perfrun.launcher <> - Update configuration: follow child = 1
19 [140185883916032] TRACE perfrun.launcher <> - Update configuration: time source = 1
19 [140185883916032] TRACE perfrun.launcher <> - Update configuration: stack = 1
19 [140185883916032] TRACE perfrun.launcher <> - Update configuration: gelding = 0
19 [140185883916032] TRACE perfrun.launcher <> - Update configuration: stack stitching = 1
19 [140185883916032] TRACE perfrun.system <> - ENTER: int runtool::system::Controller::initialize(runtool::sdk::IConfiguration *)
19 [140185883916032] INFO perfrun.system <> - online nodes : 0
19 [140185883916032] INFO perfrun.system <> - nodes with cpus : 0
19 [140185883916032] INFO perfrun.system <> - nodes with memory : 0
20 [140185883916032] TRACE perfrun.system <> - ENTER: int runtool::system::TraceWriter::initialize(runtool::sdk::IConfiguration *, runtool::system::TraceWriter::Settings *)
20 [140185883916032] TRACE perfrun.sdk <> - 0x77d5202
20 [140185883916032] TRACE perfrun.sdk <> - ENTER: runtool::sdk::TraceFile::TraceFile(tpss_tmu_creator *, unsigned int, const std::basic_string<char, std::char_traits<char>, std::allocator<char>> &, bool)
20 [140185883916032] INFO perfrun.sdk <> - Allocating TMU :/tmp/guest-6wgwgt/aakash_work/Intel-HPC-Workshop/advisor-results/iso3dfd/e000/hs002/data.0/systemcollector-458-mathcalc10.sc
20 [140185883916032] TRACE perfrun.sdk <> - EXIT:  runtool::sdk::TraceFile::TraceFile(tpss_tmu_creator *, unsigned int, const std::basic_string<char, std::char_traits<char>, std::allocator<char>> &, bool)
20 [140185883916032] TRACE perfrun.system <> - EXIT:  int runtool::system::TraceWriter::initialize(runtool::sdk::IConfiguration *, runtool::system::TraceWriter::Settings *)
20 [140185883916032] TRACE perfrun.system <> - EXIT:  int runtool::system::Controller::initialize(runtool::sdk::IConfiguration *)
20 [140185883916032] INFO perfrun.launcher <> - plugin [] was disabled because it doesn't support the given collection type.
20 [140185883916032] INFO perfrun.launcher <> - plugin [] was disabled because it doesn't support the given collection type.
20 [140185883916032] INFO perfrun.launcher <> - plugin [] was disabled because it doesn't support the given collection type.
20 [140185883916032] INFO perfrun.launcher <> - plugin [] was disabled because it doesn't support the given collection type.
20 [140185883916032] INFO perfrun.launcher <> - plugin [] was disabled because it doesn't support the given collection type.
20 [140185883916032] INFO perfrun.launcher <> - plugin [] was disabled because it doesn't support the given collection type.
20 [140185883916032] TRACE perfrun.mrte <> - ENTER: int runtool::mrte::Controller::initialize(runtool::sdk::IConfiguration *)
20 [140185883916032] TRACE perfrun.mrte <> - EXIT:  int runtool::mrte::Controller::initialize(runtool::sdk::IConfiguration *)
20 [140185883916032] INFO perfrun.launcher <> - plugin [mrte] was disabled because it doesn't support the given collection type.
20 [140185883916032] INFO perfrun.launcher <> - plugin [] was disabled because it doesn't support the given collection type.
20 [140185883916032] INFO perfrun.launcher <> - plugin [] was disabled because it doesn't support the given collection type.
20 [140185883916032] INFO perfrun.launcher <> - plugin [] was disabled because it doesn't support the given collection type.
20 [140185883916032] INFO perfrun.launcher <> - plugin [] was disabled because it doesn't support the given collection type.
20 [140185883916032] INFO perfrun.launcher <> - plugin [] was disabled because it doesn't support the given collection type.
20 [140185883916032] TRACE perfrun.tpss <> - ENTER: int runtool::tpss::Controller::initialize(runtool::sdk::IConfiguration *)
20 [140185883916032] INFO perfrun.tpss <> - initialize tpss controller
20 [140185883916032] TRACE perfrun.tpss <> - ENTER: bool runtool::tpss::Controller::configureCollectionMode(const std::basic_string<char, std::char_traits<char>, std::allocator<char>> &)
20 [140185883916032] INFO perfrun.tpss <> - configure collection mode: value = cpu:stack
20 [140185883916032] TRACE perfrun.tpss <> - EXIT:  bool runtool::tpss::Controller::configureCollectionMode(const std::basic_string<char, std::char_traits<char>, std::allocator<char>> &)
20 [140185883916032] TRACE perfrun.tpss <> - ENTER: tpss::trace_file_t runtool::tpss::castTraceFileType(const gen_helpers2::variant_t &)
20 [140185883916032] TRACE perfrun.tpss <> - EXIT:  tpss::trace_file_t runtool::tpss::castTraceFileType(const gen_helpers2::variant_t &)
20 [140185883916032] INFO perfrun.tpss <> - default obj-size-min=1024
20 [140185883916032] INFO perfrun.tpss <> - default hash-table-size=0
20 [140185883916032] TRACE perfrun.tpss <> - EXIT:  int runtool::tpss::Controller::initialize(runtool::sdk::IConfiguration *)
20 [140185883916032] INFO perfrun.launcher <> - plugin [] was disabled because it doesn't support the given collection type.
20 [140185883916032] INFO perfrun.launcher <> - plugin [] was disabled because it doesn't support the given collection type.
20 [140185883916032] INFO perfrun.launcher <> - plugin [] was disabled because it doesn't support the given collection type.
20 [140185883916032] INFO perfrun.launcher <> - plugin [] was disabled because it doesn't support the given collection type.
20 [140185883916032] INFO perfrun.launcher <> - plugin [] was disabled because it doesn't support the given collection type.
20 [140185883916032] INFO perfrun.launcher <> - plugin [] was disabled because it doesn't support the given collection type.
20 [140185893058368] TRACE perfrun.launcher <> - RpcServer was created for IPC filename = /tmp/guest-6wgwgt/aakash_work/Intel-HPC-Workshop/advisor-results/iso3dfd/e000/hs002/runtool.458.ipc
20 [140185893058368] TRACE perfrun.launcher <> - RpcServer: setup all handlers at once
20 [140185893058368] TRACE perfrun.launcher <> - RpcServer: setup a handler for ICancelRequest
20 [140185893058368] TRACE perfrun.launcher <> - RpcServer: setup a handler for IPauseRequest
20 [140185893058368] TRACE perfrun.launcher <> - RpcServer: setup a handler for IResumeRequest
20 [140185893058368] TRACE perfrun.launcher <> - RpcServer: setup a handler for IStopRequest
20 [140185893058368] TRACE perfrun.launcher <> - RpcServer: setup a handler for IStatusRequest
20 [140185893058368] TRACE perfrun.launcher <> - RpcServer: setup a handler for IDetachRequest
20 [140185893058368] TRACE perfrun.launcher <> - RpcServer: setup a handler for IMarkRequest
20 [140185893058368] INFO perfrun.launcher <> - RpcServer: run RPC server to handle requests
20 [140185893058368] DEBUG perfrun.launcher <> - RpcServer: wrote information about the RPC server into the IPC file
20 [140185893058368] TRACE perfrun.launcher <> - IMessenger: send collection state with state = 1
20 [140185893058368] TRACE perfrun.launcher <> - EXIT:  void runtool::Launcher::prepareLaunch()
20 [140185864247040] TRACE perfrun.launcher <> - ENTER: RpcServer: the main loop handles RPC requests  from clients
20 [140185893058368] INFO perfrun.launcher <> - Launcher: command line to start before modification = /tmp/guest-6wgwgt/aakash_work/Intel-HPC-Workshop/iso3dfd-vtune/bin/iso3dfd_dev01_cpu_avx2.exe 64 64 64
20 [140185883916032] TRACE perfrun.tpss <> - ENTER: void runtool::tpss::Controller::modifyCommandLine(std::basic_string<char, std::char_traits<char>, std::allocator<char>> &) const
21 [140185883916032] TRACE perfrun.tpss <> - EXIT:  void runtool::tpss::Controller::modifyCommandLine(std::basic_string<char, std::char_traits<char>, std::allocator<char>> &) const
21 [140185893058368] INFO perfrun.launcher <> - Launcher: command line to start after modification = /opt/intel/advisor_2018.1.1.535164/bin64/pin -error_file /tmp/guest-6wgwgt/aakash_work/Intel-HPC-Workshop/advisor-results/iso3dfd/e000/hs002/data.0/pinerr.tpsslog -detach_reattach -follow_execv -tool_load_option deepbind -t64 /opt/intel/advisor_2018.1.1.535164/lib64/libtpsstool.so -t /opt/intel/advisor_2018.1.1.535164/lib32/libtpsstool.so -server_name tpss_ipc.458 -prd_dir /opt/intel/advisor_2018.1.1.535164 -- /tmp/guest-6wgwgt/aakash_work/Intel-HPC-Workshop/iso3dfd-vtune/bin/iso3dfd_dev01_cpu_avx2.exe 64 64 64
22 [140185893058368] INFO perfrun.launcher <> - ProcessCreator object was created
22 [140185893058368] TRACE perfrun.launcher <> - ENTER: unsigned int runtool::ProcessCreator::start(bool)
22 [140185893058368] TRACE perfrun.launcher <> - EXIT:  unsigned int runtool::ProcessCreator::start(bool)
22 [140185893058368] INFO perfrun.launcher <> - Launcher: the process was started in suspend mode
22 [140185883916032] TRACE perfrun.system <> - ENTER: void runtool::system::Controller::onEvent(runtool::sdk::collection_state_t)
22 [140185883916032] TRACE perfrun.system <> - EXIT:  void runtool::system::Controller::onEvent(runtool::sdk::collection_state_t)
22 [140185883916032] TRACE perfrun.system <> - ENTER: bool runtool::system::Controller::start(unsigned int)
68 [140185883916032] INFO perfrun.system <> - Helper runtool '/opt/intel/advisor_2018.1.1.535164/bin32/advixe-runss -dump-vdso -r /tmp/guest-6wgwgt/aakash_work/Intel-HPC-Workshop/advisor-results/iso3dfd/e000/hs002 --tmp-dir /tmp/advixe-tmp-guest-6wgwgt' returned 0
100 [140185883916032] INFO perfrun.system <> - Helper runtool '/opt/intel/advisor_2018.1.1.535164/bin64/advixe-runss -dump-vdso -r /tmp/guest-6wgwgt/aakash_work/Intel-HPC-Workshop/advisor-results/iso3dfd/e000/hs002 --tmp-dir /tmp/advixe-tmp-guest-6wgwgt' returned 0
100 [140185883916032] TRACE perfrun.launcher <> - IMessenger: send message with severity = 1 and msg = Peak bandwidth measurement started.
100 [140185883916032] INFO perfrun.launcher <> - Messenger::say: Peak bandwidth measurement started.
100 [140185883916032] TRACE perfrun.system <> - Max bandwidth measurement: array_size(b)=33554432 duration(ms)=100
3501 [140185883916032] TRACE perfrun.launcher <> - IMessenger: send message with severity = 1 and msg = Peak bandwidth measurement finished.
3501 [140185883916032] INFO perfrun.launcher <> - Messenger::say: Peak bandwidth measurement finished.
3504 [140185883916032] TRACE perfrun.system <> - ENTER: bool runtool::system::getVideoAdapters(std::vector<runtool::system::gpu_adapter_t, std::allocator<runtool::system::gpu_adapter_t>> &)
3504 [140185883916032] TRACE perfrun.system <> - EXIT:  bool runtool::system::getVideoAdapters(std::vector<runtool::system::gpu_adapter_t, std::allocator<runtool::system::gpu_adapter_t>> &)
3504 [140185883916032] TRACE perfrun.sdk <> - ENTER: bool runtool::sdk::runSystemCmd(const std::basic_string<char, std::char_traits<char>, std::allocator<char>> &, std::basic_string<char, std::char_traits<char>, std::allocator<char>> *, bool, const std::basic_string<char, std::char_traits<char>, std::allocator<char>> &)
3505 [140185883916032] WARN perfrun.sdk <> - Failed to find xl binary on any of the system paths: /bin, /sbin, /usr/bin, /usr/sbin., at file: vcs/perfrun1/sdk/src/utils.cpp:423
3505 [140185883916032] TRACE perfrun.sdk <> - EXIT:  bool runtool::sdk::runSystemCmd(const std::basic_string<char, std::char_traits<char>, std::allocator<char>> &, std::basic_string<char, std::char_traits<char>, std::allocator<char>> *, bool, const std::basic_string<char, std::char_traits<char>, std::allocator<char>> &)
3507 [140185883916032] TRACE perfrun.system <> - EXIT:  bool runtool::system::Controller::start(unsigned int)
3507 [140185883916032] TRACE perfrun.tpss <> - ENTER: bool runtool::tpss::Controller::start(unsigned int)
3507 [140185883916032] INFO perfrun.tpss <> - start tpss controller for pid #469
3557 [140185883916032] TRACE perfrun.tpss <> - EXIT:  bool runtool::tpss::Controller::start(unsigned int)
3557 [140185883916032] TRACE perfrun.system <> - ENTER: void runtool::system::Controller::onEvent(runtool::sdk::collection_state_t)
3558 [140185883916032] TRACE perfrun.system <> - EXIT:  void runtool::system::Controller::onEvent(runtool::sdk::collection_state_t)
3558 [140185893058368] INFO perfrun.launcher <> - Launcher: all plugins were started
3558 [140185893058368] INFO perfrun.launcher <> - DirectoryMonitor object was created
3558 [140185893058368] INFO perfrun.launcher <> - DirectoryMonitor: a callback was added
3558 [140185893058368] INFO perfrun.launcher <> - DirectoryMonitor was started with pingTime = 1000
3558 [140185893058368] INFO perfrun.launcher <> - DeadlineTimer is going to be constructed
3558 [140185893058368] INFO perfrun.launcher <> - DeadlineTimer: a callback was added
3558 [140185893058368] TRACE perfrun.launcher <> - ENTER: void runtool::ProcessCreator::resume()
3558 [140185893058368] DEBUG perfrun.launcher <> - ProcessCreator: the process with pid = 469 is resumed
3559 [140185893058368] TRACE perfrun.launcher <> - EXIT:  void runtool::ProcessCreator::resume()
3559 [140185893058368] INFO perfrun.launcher <> - Launcher: resume the profiled application and  wait its termination or stop command
3559 [140185893058368] TRACE perfrun.launcher <> - ENTER: int runtool::ProcessCreator::wait()
3907 [140185893058368] TRACE perfrun.launcher <> - EXIT:  int runtool::ProcessCreator::wait()
3907 [140185893058368] INFO perfrun.launcher <> - Launcher: the profiled application was terminated  with exit code = 0
3907 [140185893058368] TRACE perfrun.sdk <> - ENTER: void runtool::sdk::getFilesFromDirectoryByExt(const std::basic_string<char, std::char_traits<char>, std::allocator<char>> &, const std::basic_string<char, std::char_traits<char>, std::allocator<char>> &, std::list<std::basic_string<char, std::char_traits<char>, std::allocator<char>>, std::allocator<std::basic_string<char, std::char_traits<char>, std::allocator<char>>>> &)
3908 [140185893058368] TRACE perfrun.sdk <> - EXIT:  void runtool::sdk::getFilesFromDirectoryByExt(const std::basic_string<char, std::char_traits<char>, std::allocator<char>> &, const std::basic_string<char, std::char_traits<char>, std::allocator<char>> &, std::list<std::basic_string<char, std::char_traits<char>, std::allocator<char>>, std::allocator<std::basic_string<char, std::char_traits<char>, std::allocator<char>>>> &)
3908 [140185883916032] TRACE perfrun.system <> - ENTER: void runtool::system::Controller::onEvent(runtool::sdk::collection_state_t)
3908 [140185883916032] TRACE perfrun.system <> - EXIT:  void runtool::system::Controller::onEvent(runtool::sdk::collection_state_t)
3908 [140185883916032] TRACE perfrun.system <> - ENTER: bool runtool::system::Controller::stop()
3912 [140185883916032] TRACE perfrun.system <> - EXIT:  bool runtool::system::Controller::stop()
3912 [140185883916032] TRACE perfrun.tpss <> - ENTER: bool runtool::tpss::Controller::stop()
3912 [140185883916032] INFO perfrun.tpss <> - stop tpss controller
3912 [140185883916032] TRACE perfrun.tpss <> - EXIT:  bool runtool::tpss::Controller::stop()
3912 [140185883916032] TRACE perfrun.system <> - ENTER: void runtool::system::Controller::onEvent(runtool::sdk::collection_state_t)
3912 [140185883916032] TRACE perfrun.sdk <> - ENTER: void runtool::sdk::TraceFile::close(boost::system::error_code &)
3912 [140185883916032] INFO perfrun.sdk <> - De-allocating TMU: /tmp/guest-6wgwgt/aakash_work/Intel-HPC-Workshop/advisor-results/iso3dfd/e000/hs002/data.0/systemcollector-458-mathcalc10.sc
3912 [140185883916032] TRACE perfrun.sdk <> - EXIT:  void runtool::sdk::TraceFile::close(boost::system::error_code &)
3912 [140185883916032] INFO perfrun.system <> - closed the system trace file: /tmp/guest-6wgwgt/aakash_work/Intel-HPC-Workshop/advisor-results/iso3dfd/e000/hs002/data.0/systemcollector-458-mathcalc10.sc
3912 [140185883916032] TRACE perfrun.system <> - EXIT:  void runtool::system::Controller::onEvent(runtool::sdk::collection_state_t)
3912 [140185893058368] TRACE perfrun.launcher <> - ENTER: void runtool::ProcessSetMonitor<T>::stop() [with T = unsigned int]
3912 [140185893058368] TRACE perfrun.launcher <> - EXIT:  void runtool::ProcessSetMonitor<T>::stop() [with T = unsigned int]
3912 [140185893058368] TRACE perfrun.launcher <> - ENTER: void runtool::ProcessCreator::stop()
3912 [140185893058368] TRACE perfrun.launcher <> - EXIT:  void runtool::ProcessCreator::stop()
3912 [140185893058368] INFO perfrun.launcher <> - Launcher: all plugins were stopped.
3912 [140185893058368] INFO perfrun.launcher <> - DeadlineTimer is going to be destroyed
3912 [140185893058368] INFO perfrun.launcher <> - DirectoryMonitor object was destroyed
3912 [140185893058368] WARN perfrun.launcher <> - Stop command is ignored because it is received when collection is already stopped, at file: vcs/perfrun1/launcher/src/command_handler.cpp:201
3912 [140185893058368] TRACE perfrun.launcher <> - ENTER: void runtool::Launcher::shutdownLaunch()
3912 [140185893058368] TRACE perfrun.launcher <> - ENTER: Send RPC request
3912 [140185864247040] TRACE perfrun.launcher <> - ENTER: Receive RPC request
3912 [140185893058368] TRACE perfrun.launcher <> - header and body of the message was send: header = 22 serialization::archive 10 0 0 8 0 0 0 0; body = 22 serialization::archive 10 0 0 8 0 0 0 0
3912 [140185893058368] TRACE perfrun.launcher <> - EXIT:  Send RPC request
3912 [140185864247040] TRACE perfrun.launcher <> - header of the message was received: size = 8; message =       2a
3912 [140185864247040] TRACE perfrun.launcher <> - body of the message was received: size = 42; message = 22 serialization::archive 10 0 0 8 0 0 0 0
3912 [140185864247040] TRACE perfrun.launcher <> - EXIT:  Receive RPC request
3912 [140185864247040] TRACE perfrun.launcher <> - EXIT:  RpcServer: the main loop handles RPC requests  from clients
3912 [140185893058368] TRACE perfrun.sdk <> - ENTER: void runtool::sdk::getFilesFromDirectoryByExt(const std::basic_string<char, std::char_traits<char>, std::allocator<char>> &, const std::basic_string<char, std::char_traits<char>, std::allocator<char>> &, std::list<std::basic_string<char, std::char_traits<char>, std::allocator<char>>, std::allocator<std::basic_string<char, std::char_traits<char>, std::allocator<char>>>> &)
3913 [140185893058368] TRACE perfrun.sdk <> - EXIT:  void runtool::sdk::getFilesFromDirectoryByExt(const std::basic_string<char, std::char_traits<char>, std::allocator<char>> &, const std::basic_string<char, std::char_traits<char>, std::allocator<char>> &, std::list<std::basic_string<char, std::char_traits<char>, std::allocator<char>>, std::allocator<std::basic_string<char, std::char_traits<char>, std::allocator<char>>>> &)
3913 [140185893058368] TRACE perfrun.launcher <> - EXIT:  void runtool::Launcher::shutdownLaunch()
3913 [140185893058368] TRACE perfrun.launcher <> - EXIT:  int runtool::Launcher::doStart()
3913 [140185893058368] TRACE perfrun.launcher <> - IMessenger: send collection state with state = 3
3913 [140185893058368] INFO perfrun.launcher <> - Application exit code: 0
3913 [140185893058368] INFO perfrun.launcher <> - Exit code: 0
3913 [140185893058368] TRACE perfrun.launcher <> - EXIT:  Start the collection
3913 [140185893058368] TRACE perfrun.launcher <> - ENTER: Destroy the launcher...
3913 [140185893058368] TRACE perfrun.launcher <> - EXIT:  Destroy the launcher...
3913 [140185893058368] TRACE perfrun.launcher <> - ENTER: runtool::ProcessCreator::~ProcessCreator()
3913 [140185893058368] TRACE perfrun.launcher <> - ENTER: void runtool::ProcessCreator::stop()
3913 [140185893058368] TRACE perfrun.launcher <> - EXIT:  void runtool::ProcessCreator::stop()
3913 [140185893058368] TRACE perfrun.launcher <> - EXIT:  runtool::ProcessCreator::~ProcessCreator()
3913 [140185893058368] TRACE perfrun.launcher <> - PluginManagerProxy::doOperation thread was terminated.
3913 [140185893058368] TRACE perfrun.launcher <> - EXIT:  int main(int, char **)
