
30299 : 0xb9816de2c48 : 2 : ittapi_config_mask_get :  --itt-config mask to be applied: 1
30299 : 0xb9816de7514 : 2 : ittapi_config_apply_per_lib :  ITTAPI function instrumented: __itt_domain_create
30299 : 0xb9816de85c4 : 2 : ittapi_config_apply_per_lib :  ITTAPI function instrumented: __itt_string_handle_create
30299 : 0xb9816de9700 : 2 : ittapi_config_apply_per_lib :  ITTAPI function instrumented: __itt_pause
30299 : 0xb9816dea3c4 : 2 : ittapi_config_apply_per_lib :  ITTAPI function instrumented: __itt_resume
30299 : 0xb9816deaf60 : 2 : ittapi_config_apply_per_lib :  ITTAPI function instrumented: __itt_thread_set_name
30299 : 0xb9816debd1c : 2 : ittapi_config_apply_per_lib :  ITTAPI function instrumented: __itt_thread_ignore
30299 : 0xb9816deca1c : 2 : ittapi_config_apply_per_lib :  ITTAPI function instrumented: __itt_thr_name_set
30299 : 0xb9816ded560 : 2 : ittapi_config_apply_per_lib :  ITTAPI function instrumented: __itt_thr_ignore
30299 : 0xb9816deedac : 2 : ittapi_config_apply_per_lib :  ITTAPI function not implemented: __itt_enable_attach
30299 : 0xb9816df925c : 2 : ittapi_config_apply_per_lib :  ITTAPI function NOT instrumented (not matched by --itt-config option): __itt_sync_create

30299 : 0xb9816dfa044 : 2 : ittapi_config_apply_per_lib :  ITTAPI function NOT instrumented (not matched by --itt-config option): __itt_sync_rename

30299 : 0xb9816dfa81c : 2 : ittapi_config_apply_per_lib :  ITTAPI function NOT instrumented (not matched by --itt-config option): __itt_sync_destroy

30299 : 0xb9816dfb0a8 : 2 : ittapi_config_apply_per_lib :  ITTAPI function NOT instrumented (not matched by --itt-config option): __itt_sync_prepare

30299 : 0xb9816dfb84c : 2 : ittapi_config_apply_per_lib :  ITTAPI function NOT instrumented (not matched by --itt-config option): __itt_sync_cancel

30299 : 0xb9816dfbfc0 : 2 : ittapi_config_apply_per_lib :  ITTAPI function NOT instrumented (not matched by --itt-config option): __itt_sync_acquired

30299 : 0xb9816dfc7c0 : 2 : ittapi_config_apply_per_lib :  ITTAPI function NOT instrumented (not matched by --itt-config option): __itt_sync_releasing

30299 : 0xb9816dfebf4 : 2 : ittapi_config_apply_per_lib :  ITTAPI function not implemented: __itt_suppress_push
30299 : 0xb9816dffebc : 2 : ittapi_config_apply_per_lib :  ITTAPI function not implemented: __itt_suppress_pop
30299 : 0xb9816e0402c : 2 : ittapi_config_apply_per_lib :  ITTAPI function not implemented: __itt_suppress_mark_range
30299 : 0xb9816e09424 : 2 : ittapi_config_apply_per_lib :  ITTAPI function not implemented: __itt_suppress_clear_range
30299 : 0xb9816e09e0c : 2 : ittapi_config_apply_per_lib :  ITTAPI function NOT instrumented (not matched by --itt-config option): __itt_sync_prepare

30299 : 0xb9816e0a600 : 2 : ittapi_config_apply_per_lib :  ITTAPI function NOT instrumented (not matched by --itt-config option): __itt_sync_cancel

30299 : 0xb9816e0ad7c : 2 : ittapi_config_apply_per_lib :  ITTAPI function NOT instrumented (not matched by --itt-config option): __itt_sync_acquired

30299 : 0xb9816e0b4a8 : 2 : ittapi_config_apply_per_lib :  ITTAPI function NOT instrumented (not matched by --itt-config option): __itt_sync_releasing

30299 : 0xb9816e0c4b8 : 2 : ittapi_config_apply_per_lib :  ITTAPI function not implemented: __itt_model_site_begin
30299 : 0xb9816e0d29c : 2 : ittapi_config_apply_per_lib :  ITTAPI function not implemented: __itt_model_site_end
30299 : 0xb9816e0e12c : 2 : ittapi_config_apply_per_lib :  ITTAPI function not implemented: __itt_model_task_begin
30299 : 0xb9816e0eea4 : 2 : ittapi_config_apply_per_lib :  ITTAPI function not implemented: __itt_model_task_end
30299 : 0xb9816e0fc0c : 2 : ittapi_config_apply_per_lib :  ITTAPI function not implemented: __itt_model_lock_acquire
30299 : 0xb9816e1329c : 2 : ittapi_config_apply_per_lib :  ITTAPI function not implemented: __itt_model_lock_release
30299 : 0xb9816e1420c : 2 : ittapi_config_apply_per_lib :  ITTAPI function not implemented: __itt_model_record_allocation
30299 : 0xb9816e1515c : 2 : ittapi_config_apply_per_lib :  ITTAPI function not implemented: __itt_model_record_deallocation
30299 : 0xb9816e15ee4 : 2 : ittapi_config_apply_per_lib :  ITTAPI function not implemented: __itt_model_induction_uses
30299 : 0xb9816e16bf4 : 2 : ittapi_config_apply_per_lib :  ITTAPI function not implemented: __itt_model_reduction_uses
30299 : 0xb9816e17a1c : 2 : ittapi_config_apply_per_lib :  ITTAPI function not implemented: __itt_model_observe_uses
30299 : 0xb9816e189e8 : 2 : ittapi_config_apply_per_lib :  ITTAPI function not implemented: __itt_model_clear_uses
30299 : 0xb9816e199a8 : 2 : ittapi_config_apply_per_lib :  ITTAPI function not implemented: __itt_model_site_beginA
30299 : 0xb9816e1abec : 2 : ittapi_config_apply_per_lib :  ITTAPI function not implemented: __itt_model_site_beginAL
30299 : 0xb9816e1baa4 : 2 : ittapi_config_apply_per_lib :  ITTAPI function not implemented: __itt_model_task_beginA
30299 : 0xb9816e201d8 : 2 : ittapi_config_apply_per_lib :  ITTAPI function not implemented: __itt_model_task_beginAL
30299 : 0xb9816e21184 : 2 : ittapi_config_apply_per_lib :  ITTAPI function not implemented: __itt_model_iteration_taskA
30299 : 0xb9816e21f18 : 2 : ittapi_config_apply_per_lib :  ITTAPI function not implemented: __itt_model_iteration_taskAL
30299 : 0xb9816e22b24 : 2 : ittapi_config_apply_per_lib :  ITTAPI function not implemented: __itt_model_site_end_2
30299 : 0xb9816e2380c : 2 : ittapi_config_apply_per_lib :  ITTAPI function not implemented: __itt_model_task_end_2
30299 : 0xb9816e2459c : 2 : ittapi_config_apply_per_lib :  ITTAPI function not implemented: __itt_model_lock_acquire_2
30299 : 0xb9816e2535c : 2 : ittapi_config_apply_per_lib :  ITTAPI function not implemented: __itt_model_lock_release_2
30299 : 0xb9816e2611c : 2 : ittapi_config_apply_per_lib :  ITTAPI function not implemented: __itt_model_aggregate_task
30299 : 0xb9816e26e98 : 2 : ittapi_config_apply_per_lib :  ITTAPI function not implemented: __itt_model_disable_push
30299 : 0xb9816e27c14 : 2 : ittapi_config_apply_per_lib :  ITTAPI function not implemented: __itt_model_disable_pop
30299 : 0xb9816e2b6a4 : 2 : ittapi_config_apply_per_lib :  ITTAPI function instrumented: __itt_heap_function_create
30299 : 0xb9816e2c460 : 2 : ittapi_config_apply_per_lib :  ITTAPI function instrumented: __itt_heap_allocate_begin
30299 : 0xb9816e2cf68 : 2 : ittapi_config_apply_per_lib :  ITTAPI function instrumented: __itt_heap_allocate_end
30299 : 0xb9816e2daa8 : 2 : ittapi_config_apply_per_lib :  ITTAPI function instrumented: __itt_heap_free_begin
30299 : 0xb9816e2e58c : 2 : ittapi_config_apply_per_lib :  ITTAPI function instrumented: __itt_heap_free_end
30299 : 0xb9816e2f164 : 2 : ittapi_config_apply_per_lib :  ITTAPI function instrumented: __itt_heap_reallocate_begin
30299 : 0xb9816e2fc38 : 2 : ittapi_config_apply_per_lib :  ITTAPI function instrumented: __itt_heap_reallocate_end
30299 : 0xb9816e30bf8 : 2 : ittapi_config_apply_per_lib :  ITTAPI function not implemented: __itt_heap_internal_access_begin
30299 : 0xb9816e31b8c : 2 : ittapi_config_apply_per_lib :  ITTAPI function not implemented: __itt_heap_internal_access_end
30299 : 0xb9816e32a68 : 2 : ittapi_config_apply_per_lib :  ITTAPI function not implemented: __itt_heap_record_memory_growth_begin
30299 : 0xb9816e35db4 : 2 : ittapi_config_apply_per_lib :  ITTAPI function not implemented: __itt_heap_record_memory_growth_end
30299 : 0xb9816e36ce8 : 2 : ittapi_config_apply_per_lib :  ITTAPI function not implemented: __itt_heap_reset_detection
30299 : 0xb9816e379e8 : 2 : ittapi_config_apply_per_lib :  ITTAPI function not implemented: __itt_heap_record
30299 : 0xb9816e3881c : 2 : ittapi_config_apply_per_lib :  ITTAPI function not implemented: __itt_id_create
30299 : 0xb9816e3957c : 2 : ittapi_config_apply_per_lib :  ITTAPI function not implemented: __itt_id_destroy
30299 : 0xb9816e3a144 : 2 : ittapi_config_apply_per_lib :  ITTAPI function instrumented: __itt_get_timestamp
30299 : 0xb9816e3ae40 : 2 : ittapi_config_apply_per_lib :  ITTAPI function not implemented: __itt_region_begin
30299 : 0xb9816e3ba6c : 2 : ittapi_config_apply_per_lib :  ITTAPI function not implemented: __itt_region_end
30299 : 0xb9816e3c698 : 2 : ittapi_config_apply_per_lib :  ITTAPI function instrumented: __itt_frame_begin_v3
30299 : 0xb9816e3d2e0 : 2 : ittapi_config_apply_per_lib :  ITTAPI function instrumented: __itt_frame_end_v3
30299 : 0xb9816e40cf0 : 2 : ittapi_config_apply_per_lib :  ITTAPI function instrumented: __itt_frame_submit_v3
30299 : 0xb9816e41614 : 2 : ittapi_config_apply_per_lib :  ITTAPI function NOT instrumented (not matched by --itt-config option): __itt_task_group

30299 : 0xb9816e41e3c : 2 : ittapi_config_apply_per_lib :  ITTAPI function NOT instrumented (not matched by --itt-config option): __itt_task_begin

30299 : 0xb9816e4258c : 2 : ittapi_config_apply_per_lib :  ITTAPI function NOT instrumented (not matched by --itt-config option): __itt_task_begin_fn

30299 : 0xb9816e42d10 : 2 : ittapi_config_apply_per_lib :  ITTAPI function NOT instrumented (not matched by --itt-config option): __itt_task_end

30299 : 0xb9816e43510 : 2 : ittapi_config_apply_per_lib :  ITTAPI function NOT instrumented (not matched by --itt-config option): __itt_counter_inc_v3

30299 : 0xb9816e43d88 : 2 : ittapi_config_apply_per_lib :  ITTAPI function NOT instrumented (not matched by --itt-config option): __itt_counter_inc_delta_v3

30299 : 0xb9816e44b4c : 2 : ittapi_config_apply_per_lib :  ITTAPI function not implemented: __itt_marker
30299 : 0xb9816e45804 : 2 : ittapi_config_apply_per_lib :  ITTAPI function instrumented: __itt_metadata_add
30299 : 0xb9816e46704 : 2 : ittapi_config_apply_per_lib :  ITTAPI function not implemented: __itt_metadata_str_add
30299 : 0xb9816e49bcc : 2 : ittapi_config_apply_per_lib :  ITTAPI function not implemented: __itt_relation_add_to_current
30299 : 0xb9816e4ab54 : 2 : ittapi_config_apply_per_lib :  ITTAPI function not implemented: __itt_relation_add
30299 : 0xb9816e4b680 : 2 : ittapi_config_apply_per_lib :  ITTAPI function instrumented: __itt_event_create
30299 : 0xb9816e4be38 : 2 : ittapi_config_apply_per_lib :  ITTAPI function NOT instrumented (not matched by --itt-config option): __itt_event_start

30299 : 0xb9816e4c5f8 : 2 : ittapi_config_apply_per_lib :  ITTAPI function NOT instrumented (not matched by --itt-config option): __itt_event_end

30299 : 0xb9816e4cda8 : 2 : ittapi_config_apply_per_lib :  ITTAPI function NOT instrumented (not matched by --itt-config option): __itt_sync_set_name

30299 : 0xb9816e4d58c : 2 : ittapi_config_apply_per_lib :  ITTAPI function NOT instrumented (not matched by --itt-config option): __itt_notify_sync_name

30299 : 0xb9816e4dde0 : 2 : ittapi_config_apply_per_lib :  ITTAPI function NOT instrumented (not matched by --itt-config option): __itt_notify_sync_prepare

30299 : 0xb9816e4e5d4 : 2 : ittapi_config_apply_per_lib :  ITTAPI function NOT instrumented (not matched by --itt-config option): __itt_notify_sync_cancel

30299 : 0xb9816e4edc0 : 2 : ittapi_config_apply_per_lib :  ITTAPI function NOT instrumented (not matched by --itt-config option): __itt_notify_sync_acquired

30299 : 0xb9816e51564 : 2 : ittapi_config_apply_per_lib :  ITTAPI function NOT instrumented (not matched by --itt-config option): __itt_notify_sync_releasing

30299 : 0xb9816e52478 : 2 : ittapi_config_apply_per_lib :  ITTAPI function not implemented: __itt_memory_read
30299 : 0xb9816e53184 : 2 : ittapi_config_apply_per_lib :  ITTAPI function not implemented: __itt_memory_write
30299 : 0xb9816e53fa8 : 2 : ittapi_config_apply_per_lib :  ITTAPI function not implemented: __itt_memory_update
30299 : 0xb9816e54e38 : 2 : ittapi_config_apply_per_lib :  ITTAPI function not implemented: __itt_state_get
30299 : 0xb9816e55a20 : 2 : ittapi_config_apply_per_lib :  ITTAPI function not implemented: __itt_state_set
30299 : 0xb9816e56634 : 2 : ittapi_config_apply_per_lib :  ITTAPI function not implemented: __itt_obj_mode_set
30299 : 0xb9816e57374 : 2 : ittapi_config_apply_per_lib :  ITTAPI function not implemented: __itt_thr_mode_set
30299 : 0xb9816e57e28 : 2 : ittapi_config_apply_per_lib :  ITTAPI function instrumented: __itt_frame_create
30299 : 0xb9816e58994 : 2 : ittapi_config_apply_per_lib :  ITTAPI function instrumented: __itt_frame_begin
30299 : 0xb9816e5bd78 : 2 : ittapi_config_apply_per_lib :  ITTAPI function instrumented: __itt_frame_end
30299 : 0xb9816e5c978 : 2 : ittapi_config_apply_per_lib :  ITTAPI function instrumented: __itt_counter_create
30299 : 0xb9816e5d254 : 2 : ittapi_config_apply_per_lib :  ITTAPI function NOT instrumented (not matched by --itt-config option): __itt_counter_destroy

30299 : 0xb9816e5da60 : 2 : ittapi_config_apply_per_lib :  ITTAPI function NOT instrumented (not matched by --itt-config option): __itt_counter_inc

30299 : 0xb9816e5e26c : 2 : ittapi_config_apply_per_lib :  ITTAPI function NOT instrumented (not matched by --itt-config option): __itt_counter_inc_delta

30299 : 0xb9816e5f310 : 2 : ittapi_config_apply_per_lib :  ITTAPI function not implemented: __itt_mark_create
30299 : 0xb9816e600e8 : 2 : ittapi_config_apply_per_lib :  ITTAPI function not implemented: __itt_mark
30299 : 0xb9816e60f28 : 2 : ittapi_config_apply_per_lib :  ITTAPI function not implemented: __itt_mark_off
30299 : 0xb9816e61d14 : 2 : ittapi_config_apply_per_lib :  ITTAPI function not implemented: __itt_mark_global
30299 : 0xb9816e64420 : 2 : ittapi_config_apply_per_lib :  ITTAPI function not implemented: __itt_mark_global_off
30299 : 0xb9816e6723c : 2 : ittapi_config_apply_per_lib :  ITTAPI function NOT instrumented (not matched by --itt-config option): __itt_stack_caller_create

30299 : 0xb9816e67bc0 : 2 : ittapi_config_apply_per_lib :  ITTAPI function NOT instrumented (not matched by --itt-config option): __itt_stack_caller_destroy

30299 : 0xb9816e68370 : 2 : ittapi_config_apply_per_lib :  ITTAPI function NOT instrumented (not matched by --itt-config option): __itt_stack_callee_enter

30299 : 0xb9816e68b78 : 2 : ittapi_config_apply_per_lib :  ITTAPI function NOT instrumented (not matched by --itt-config option): __itt_stack_callee_leave

30299 : 0xb9816e69bd8 : 2 : ittapi_config_apply_per_lib :  ITTAPI function not implemented: __itt_clock_domain_create
30299 : 0xb9816e6aab0 : 2 : ittapi_config_apply_per_lib :  ITTAPI function not implemented: __itt_clock_domain_reset
30299 : 0xb9816e6b7b8 : 2 : ittapi_config_apply_per_lib :  ITTAPI function not implemented: __itt_id_create_ex
30299 : 0xb9816e6c560 : 2 : ittapi_config_apply_per_lib :  ITTAPI function not implemented: __itt_id_destroy_ex
30299 : 0xb9816e6cd64 : 2 : ittapi_config_apply_per_lib :  ITTAPI function NOT instrumented (not matched by --itt-config option): __itt_task_begin_ex

30299 : 0xb9816e6d514 : 2 : ittapi_config_apply_per_lib :  ITTAPI function NOT instrumented (not matched by --itt-config option): __itt_task_begin_fn_ex

30299 : 0xb9816e6fca0 : 2 : ittapi_config_apply_per_lib :  ITTAPI function NOT instrumented (not matched by --itt-config option): __itt_task_end_ex

30299 : 0xb9816e7056c : 2 : ittapi_config_apply_per_lib :  ITTAPI function NOT instrumented (not matched by --itt-config option): __itt_task_begin_overlapped

30299 : 0xb9816e70d90 : 2 : ittapi_config_apply_per_lib :  ITTAPI function NOT instrumented (not matched by --itt-config option): __itt_task_begin_overlapped_ex

30299 : 0xb9816e71548 : 2 : ittapi_config_apply_per_lib :  ITTAPI function NOT instrumented (not matched by --itt-config option): __itt_task_end_overlapped

30299 : 0xb9816e71cd8 : 2 : ittapi_config_apply_per_lib :  ITTAPI function NOT instrumented (not matched by --itt-config option): __itt_task_end_overlapped_ex

30299 : 0xb9816e72cb0 : 2 : ittapi_config_apply_per_lib :  ITTAPI function not implemented: __itt_marker_ex
30299 : 0xb9816e73b48 : 2 : ittapi_config_apply_per_lib :  ITTAPI function not implemented: __itt_metadata_add_with_scope
30299 : 0xb9816e74b8c : 2 : ittapi_config_apply_per_lib :  ITTAPI function not implemented: __itt_metadata_str_add_with_scope
30299 : 0xb9816e75b38 : 2 : ittapi_config_apply_per_lib :  ITTAPI function not implemented: __itt_relation_add_to_current_ex
30299 : 0xb9816e7693c : 2 : ittapi_config_apply_per_lib :  ITTAPI function not implemented: __itt_relation_add_ex
30299 : 0xb9816e796c0 : 2 : ittapi_config_apply_per_lib :  ITTAPI function not implemented: __itt_track_group_create
30299 : 0xb9816e7a4a8 : 2 : ittapi_config_apply_per_lib :  ITTAPI function not implemented: __itt_track_create
30299 : 0xb9816e7b08c : 2 : ittapi_config_apply_per_lib :  ITTAPI function not implemented: __itt_set_track
30299 : 0xb9816e7bbec : 2 : ittapi_config_apply_per_lib :  ITTAPI function instrumented: __itt_api_version
30299 : 0xb9816e7c880 : 2 : ittapi_config_apply_per_lib :  ITTAPI function not implemented: __itt_av_save
30299 : 0xb9816ec1988 : 2 : ittapi_config_mask_get :  --itt-config mask to be applied: 1
30299 : 0xb9816ec31e8 : 2 : ittapi_config_apply_per_lib :  ITTAPI function instrumented: __itt_domain_create
30299 : 0xb9816ec3cd4 : 2 : ittapi_config_apply_per_lib :  ITTAPI function instrumented: __itt_string_handle_create
30299 : 0xb9816ec48ec : 2 : ittapi_config_apply_per_lib :  ITTAPI function instrumented: __itt_pause
30299 : 0xb9816ec5294 : 2 : ittapi_config_apply_per_lib :  ITTAPI function instrumented: __itt_resume
30299 : 0xb9816ecb2ac : 2 : ittapi_config_apply_per_lib :  ITTAPI function instrumented: __itt_thread_set_name
30299 : 0xb9816ecbf7c : 2 : ittapi_config_apply_per_lib :  ITTAPI function instrumented: __itt_thread_ignore
30299 : 0xb9816ecca74 : 2 : ittapi_config_apply_per_lib :  ITTAPI function instrumented: __itt_thr_name_set
30299 : 0xb9816ecd470 : 2 : ittapi_config_apply_per_lib :  ITTAPI function instrumented: __itt_thr_ignore
30299 : 0xb9816ece6e4 : 2 : ittapi_config_apply_per_lib :  ITTAPI function not implemented: __itt_enable_attach
30299 : 0xb9816ecf36c : 2 : ittapi_config_apply_per_lib :  ITTAPI function instrumented: __itt_detach
30299 : 0xb9816ecfb50 : 2 : ittapi_config_apply_per_lib :  ITTAPI function NOT instrumented (not matched by --itt-config option): __itt_sync_create

30299 : 0xb9816ed02b4 : 2 : ittapi_config_apply_per_lib :  ITTAPI function NOT instrumented (not matched by --itt-config option): __itt_sync_rename

30299 : 0xb9816ed0978 : 2 : ittapi_config_apply_per_lib :  ITTAPI function NOT instrumented (not matched by --itt-config option): __itt_sync_destroy

30299 : 0xb9816ed10e4 : 2 : ittapi_config_apply_per_lib :  ITTAPI function NOT instrumented (not matched by --itt-config option): __itt_sync_prepare

30299 : 0xb9816ed3e28 : 2 : ittapi_config_apply_per_lib :  ITTAPI function NOT instrumented (not matched by --itt-config option): __itt_sync_cancel

30299 : 0xb9816ed45d4 : 2 : ittapi_config_apply_per_lib :  ITTAPI function NOT instrumented (not matched by --itt-config option): __itt_sync_acquired

30299 : 0xb9816ed4c68 : 2 : ittapi_config_apply_per_lib :  ITTAPI function NOT instrumented (not matched by --itt-config option): __itt_sync_releasing

30299 : 0xb9816ed5c08 : 2 : ittapi_config_apply_per_lib :  ITTAPI function not implemented: __itt_suppress_push
30299 : 0xb9816ed6b38 : 2 : ittapi_config_apply_per_lib :  ITTAPI function not implemented: __itt_suppress_pop
30299 : 0xb9816ed7754 : 2 : ittapi_config_apply_per_lib :  ITTAPI function not implemented: __itt_suppress_mark_range
30299 : 0xb9816ed85d0 : 2 : ittapi_config_apply_per_lib :  ITTAPI function not implemented: __itt_suppress_clear_range
30299 : 0xb9816ed8d38 : 2 : ittapi_config_apply_per_lib :  ITTAPI function NOT instrumented (not matched by --itt-config option): __itt_sync_prepare

30299 : 0xb9816ed9448 : 2 : ittapi_config_apply_per_lib :  ITTAPI function NOT instrumented (not matched by --itt-config option): __itt_sync_cancel

30299 : 0xb9816ed9ad0 : 2 : ittapi_config_apply_per_lib :  ITTAPI function NOT instrumented (not matched by --itt-config option): __itt_sync_acquired

30299 : 0xb9816edc2b0 : 2 : ittapi_config_apply_per_lib :  ITTAPI function NOT instrumented (not matched by --itt-config option): __itt_sync_releasing

30299 : 0xb9816edd29c : 2 : ittapi_config_apply_per_lib :  ITTAPI function not implemented: __itt_model_site_begin
30299 : 0xb9816eddfa8 : 2 : ittapi_config_apply_per_lib :  ITTAPI function not implemented: __itt_model_site_end
30299 : 0xb9816edec34 : 2 : ittapi_config_apply_per_lib :  ITTAPI function not implemented: __itt_model_task_begin
30299 : 0xb9816edf7fc : 2 : ittapi_config_apply_per_lib :  ITTAPI function not implemented: __itt_model_task_end
30299 : 0xb9816ee04f4 : 2 : ittapi_config_apply_per_lib :  ITTAPI function not implemented: __itt_model_lock_acquire
30299 : 0xb9816ee1108 : 2 : ittapi_config_apply_per_lib :  ITTAPI function not implemented: __itt_model_lock_release
30299 : 0xb9816ee1d78 : 2 : ittapi_config_apply_per_lib :  ITTAPI function not implemented: __itt_model_record_allocation
30299 : 0xb9816ee2a74 : 2 : ittapi_config_apply_per_lib :  ITTAPI function not implemented: __itt_model_record_deallocation
30299 : 0xb9816ee364c : 2 : ittapi_config_apply_per_lib :  ITTAPI function not implemented: __itt_model_induction_uses
30299 : 0xb9816ee6ec4 : 2 : ittapi_config_apply_per_lib :  ITTAPI function not implemented: __itt_model_reduction_uses
30299 : 0xb9816ee7c60 : 2 : ittapi_config_apply_per_lib :  ITTAPI function not implemented: __itt_model_observe_uses
30299 : 0xb9816ee89b0 : 2 : ittapi_config_apply_per_lib :  ITTAPI function not implemented: __itt_model_clear_uses
30299 : 0xb9816ee97c8 : 2 : ittapi_config_apply_per_lib :  ITTAPI function not implemented: __itt_model_site_beginA
30299 : 0xb9816eea54c : 2 : ittapi_config_apply_per_lib :  ITTAPI function not implemented: __itt_model_site_beginAL
30299 : 0xb9816eeb154 : 2 : ittapi_config_apply_per_lib :  ITTAPI function not implemented: __itt_model_task_beginA
30299 : 0xb9816eebed4 : 2 : ittapi_config_apply_per_lib :  ITTAPI function not implemented: __itt_model_task_beginAL
30299 : 0xb9816eecb10 : 2 : ittapi_config_apply_per_lib :  ITTAPI function not implemented: __itt_model_iteration_taskA
30299 : 0xb9816eed734 : 2 : ittapi_config_apply_per_lib :  ITTAPI function not implemented: __itt_model_iteration_taskAL
30299 : 0xb9816eee264 : 2 : ittapi_config_apply_per_lib :  ITTAPI function not implemented: __itt_model_site_end_2
30299 : 0xb9816ef0f54 : 2 : ittapi_config_apply_per_lib :  ITTAPI function not implemented: __itt_model_task_end_2
30299 : 0xb9816ef1d88 : 2 : ittapi_config_apply_per_lib :  ITTAPI function not implemented: __itt_model_lock_acquire_2
30299 : 0xb9816ef2a28 : 2 : ittapi_config_apply_per_lib :  ITTAPI function not implemented: __itt_model_lock_release_2
30299 : 0xb9816ef3640 : 2 : ittapi_config_apply_per_lib :  ITTAPI function not implemented: __itt_model_aggregate_task
30299 : 0xb9816ef4270 : 2 : ittapi_config_apply_per_lib :  ITTAPI function not implemented: __itt_model_disable_push
30299 : 0xb9816ef4df0 : 2 : ittapi_config_apply_per_lib :  ITTAPI function not implemented: __itt_model_disable_pop
30299 : 0xb9816ef58a8 : 2 : ittapi_config_apply_per_lib :  ITTAPI function instrumented: __itt_heap_function_create
30299 : 0xb9816ef63d8 : 2 : ittapi_config_apply_per_lib :  ITTAPI function instrumented: __itt_heap_allocate_begin
30299 : 0xb9816ef6d40 : 2 : ittapi_config_apply_per_lib :  ITTAPI function instrumented: __itt_heap_allocate_end
30299 : 0xb9816ef7804 : 2 : ittapi_config_apply_per_lib :  ITTAPI function instrumented: __itt_heap_free_begin
30299 : 0xb9816efa11c : 2 : ittapi_config_apply_per_lib :  ITTAPI function instrumented: __itt_heap_free_end
30299 : 0xb9816efac74 : 2 : ittapi_config_apply_per_lib :  ITTAPI function instrumented: __itt_heap_reallocate_begin
30299 : 0xb9816efb6a8 : 2 : ittapi_config_apply_per_lib :  ITTAPI function instrumented: __itt_heap_reallocate_end
30299 : 0xb9816efc458 : 2 : ittapi_config_apply_per_lib :  ITTAPI function not implemented: __itt_heap_internal_access_begin
30299 : 0xb9816efd12c : 2 : ittapi_config_apply_per_lib :  ITTAPI function not implemented: __itt_heap_internal_access_end
30299 : 0xb9816efde74 : 2 : ittapi_config_apply_per_lib :  ITTAPI function not implemented: __itt_heap_record_memory_growth_begin
30299 : 0xb9816efebcc : 2 : ittapi_config_apply_per_lib :  ITTAPI function not implemented: __itt_heap_record_memory_growth_end
30299 : 0xb9816eff904 : 2 : ittapi_config_apply_per_lib :  ITTAPI function not implemented: __itt_heap_reset_detection
30299 : 0xb9816f004f4 : 2 : ittapi_config_apply_per_lib :  ITTAPI function not implemented: __itt_heap_record
30299 : 0xb9816f010e4 : 2 : ittapi_config_apply_per_lib :  ITTAPI function not implemented: __itt_id_create
30299 : 0xb9816f04830 : 2 : ittapi_config_apply_per_lib :  ITTAPI function not implemented: __itt_id_destroy
30299 : 0xb9816f05448 : 2 : ittapi_config_apply_per_lib :  ITTAPI function instrumented: __itt_get_timestamp
30299 : 0xb9816f06014 : 2 : ittapi_config_apply_per_lib :  ITTAPI function not implemented: __itt_region_begin
30299 : 0xb9816f06b70 : 2 : ittapi_config_apply_per_lib :  ITTAPI function not implemented: __itt_region_end
30299 : 0xb9816f0763c : 2 : ittapi_config_apply_per_lib :  ITTAPI function instrumented: __itt_frame_begin_v3
30299 : 0xb9816f080d4 : 2 : ittapi_config_apply_per_lib :  ITTAPI function instrumented: __itt_frame_end_v3
30299 : 0xb9816f08b64 : 2 : ittapi_config_apply_per_lib :  ITTAPI function instrumented: __itt_frame_submit_v3
30299 : 0xb9816f092c8 : 2 : ittapi_config_apply_per_lib :  ITTAPI function NOT instrumented (not matched by --itt-config option): __itt_task_group

30299 : 0xb9816f099c4 : 2 : ittapi_config_apply_per_lib :  ITTAPI function NOT instrumented (not matched by --itt-config option): __itt_task_begin

30299 : 0xb9816f0a06c : 2 : ittapi_config_apply_per_lib :  ITTAPI function NOT instrumented (not matched by --itt-config option): __itt_task_begin_fn

30299 : 0xb9816f0c8ac : 2 : ittapi_config_apply_per_lib :  ITTAPI function NOT instrumented (not matched by --itt-config option): __itt_task_end

30299 : 0xb9816f0d140 : 2 : ittapi_config_apply_per_lib :  ITTAPI function NOT instrumented (not matched by --itt-config option): __itt_counter_inc_v3

30299 : 0xb9816f0d8a4 : 2 : ittapi_config_apply_per_lib :  ITTAPI function NOT instrumented (not matched by --itt-config option): __itt_counter_inc_delta_v3

30299 : 0xb9816f0e58c : 2 : ittapi_config_apply_per_lib :  ITTAPI function not implemented: __itt_marker
30299 : 0xb9816f0efac : 2 : ittapi_config_apply_per_lib :  ITTAPI function instrumented: __itt_metadata_add
30299 : 0xb9816f0fc40 : 2 : ittapi_config_apply_per_lib :  ITTAPI function not implemented: __itt_metadata_str_add
30299 : 0xb9816f10a4c : 2 : ittapi_config_apply_per_lib :  ITTAPI function not implemented: __itt_relation_add_to_current
30299 : 0xb9816f1169c : 2 : ittapi_config_apply_per_lib :  ITTAPI function not implemented: __itt_relation_add
30299 : 0xb9816f1204c : 2 : ittapi_config_apply_per_lib :  ITTAPI function instrumented: __itt_event_create
30299 : 0xb9816f12724 : 2 : ittapi_config_apply_per_lib :  ITTAPI function NOT instrumented (not matched by --itt-config option): __itt_event_start

30299 : 0xb9816f14e04 : 2 : ittapi_config_apply_per_lib :  ITTAPI function NOT instrumented (not matched by --itt-config option): __itt_event_end

30299 : 0xb9816f156a4 : 2 : ittapi_config_apply_per_lib :  ITTAPI function NOT instrumented (not matched by --itt-config option): __itt_sync_set_name

30299 : 0xb9816f15e9c : 2 : ittapi_config_apply_per_lib :  ITTAPI function NOT instrumented (not matched by --itt-config option): __itt_notify_sync_name

30299 : 0xb9816f16654 : 2 : ittapi_config_apply_per_lib :  ITTAPI function NOT instrumented (not matched by --itt-config option): __itt_notify_sync_prepare

30299 : 0xb9816f16d3c : 2 : ittapi_config_apply_per_lib :  ITTAPI function NOT instrumented (not matched by --itt-config option): __itt_notify_sync_cancel

30299 : 0xb9816f1743c : 2 : ittapi_config_apply_per_lib :  ITTAPI function NOT instrumented (not matched by --itt-config option): __itt_notify_sync_acquired

30299 : 0xb9816f17b0c : 2 : ittapi_config_apply_per_lib :  ITTAPI function NOT instrumented (not matched by --itt-config option): __itt_notify_sync_releasing

30299 : 0xb9816f18884 : 2 : ittapi_config_apply_per_lib :  ITTAPI function not implemented: __itt_memory_read
30299 : 0xb9816f194fc : 2 : ittapi_config_apply_per_lib :  ITTAPI function not implemented: __itt_memory_write
30299 : 0xb9816f1a218 : 2 : ittapi_config_apply_per_lib :  ITTAPI function not implemented: __itt_memory_update
30299 : 0xb9816f1d0bc : 2 : ittapi_config_apply_per_lib :  ITTAPI function not implemented: __itt_state_get
30299 : 0xb9816f1dd28 : 2 : ittapi_config_apply_per_lib :  ITTAPI function not implemented: __itt_state_set
30299 : 0xb9816f1e844 : 2 : ittapi_config_apply_per_lib :  ITTAPI function not implemented: __itt_obj_mode_set
30299 : 0xb9816f1f484 : 2 : ittapi_config_apply_per_lib :  ITTAPI function not implemented: __itt_thr_mode_set
30299 : 0xb9816f1fe10 : 2 : ittapi_config_apply_per_lib :  ITTAPI function instrumented: __itt_frame_create
30299 : 0xb9816f20820 : 2 : ittapi_config_apply_per_lib :  ITTAPI function instrumented: __itt_frame_begin
30299 : 0xb9816f211a4 : 2 : ittapi_config_apply_per_lib :  ITTAPI function instrumented: __itt_frame_end
30299 : 0xb9816f21b90 : 2 : ittapi_config_apply_per_lib :  ITTAPI function instrumented: __itt_counter_create
30299 : 0xb9816f222f4 : 2 : ittapi_config_apply_per_lib :  ITTAPI function NOT instrumented (not matched by --itt-config option): __itt_counter_destroy

30299 : 0xb9816f22a54 : 2 : ittapi_config_apply_per_lib :  ITTAPI function NOT instrumented (not matched by --itt-config option): __itt_counter_inc

30299 : 0xb9816f25abc : 2 : ittapi_config_apply_per_lib :  ITTAPI function NOT instrumented (not matched by --itt-config option): __itt_counter_inc_delta

30299 : 0xb9816f268b8 : 2 : ittapi_config_apply_per_lib :  ITTAPI function not implemented: __itt_mark_create
30299 : 0xb9816f2749c : 2 : ittapi_config_apply_per_lib :  ITTAPI function not implemented: __itt_mark
30299 : 0xb9816f28160 : 2 : ittapi_config_apply_per_lib :  ITTAPI function not implemented: __itt_mark_off
30299 : 0xb9816f28d64 : 2 : ittapi_config_apply_per_lib :  ITTAPI function not implemented: __itt_mark_global
30299 : 0xb9816f29970 : 2 : ittapi_config_apply_per_lib :  ITTAPI function not implemented: __itt_mark_global_off
30299 : 0xb9816f2a244 : 2 : ittapi_config_apply_per_lib :  ITTAPI function NOT instrumented (not matched by --itt-config option): __itt_stack_caller_create

30299 : 0xb9816f2a9a8 : 2 : ittapi_config_apply_per_lib :  ITTAPI function NOT instrumented (not matched by --itt-config option): __itt_stack_caller_destroy

30299 : 0xb9816f2b09c : 2 : ittapi_config_apply_per_lib :  ITTAPI function NOT instrumented (not matched by --itt-config option): __itt_stack_callee_enter

30299 : 0xb9816f2b7b8 : 2 : ittapi_config_apply_per_lib :  ITTAPI function NOT instrumented (not matched by --itt-config option): __itt_stack_callee_leave

30299 : 0xb9816f2e7b4 : 2 : ittapi_config_apply_per_lib :  ITTAPI function not implemented: __itt_clock_domain_create
30299 : 0xb9816f2f5f8 : 2 : ittapi_config_apply_per_lib :  ITTAPI function not implemented: __itt_clock_domain_reset
30299 : 0xb9816f30198 : 2 : ittapi_config_apply_per_lib :  ITTAPI function not implemented: __itt_id_create_ex
30299 : 0xb9816f30d9c : 2 : ittapi_config_apply_per_lib :  ITTAPI function not implemented: __itt_id_destroy_ex
30299 : 0xb9816f314f8 : 2 : ittapi_config_apply_per_lib :  ITTAPI function NOT instrumented (not matched by --itt-config option): __itt_task_begin_ex

30299 : 0xb9816f31c50 : 2 : ittapi_config_apply_per_lib :  ITTAPI function NOT instrumented (not matched by --itt-config option): __itt_task_begin_fn_ex

30299 : 0xb9816f3231c : 2 : ittapi_config_apply_per_lib :  ITTAPI function NOT instrumented (not matched by --itt-config option): __itt_task_end_ex

30299 : 0xb9816f32a48 : 2 : ittapi_config_apply_per_lib :  ITTAPI function NOT instrumented (not matched by --itt-config option): __itt_task_begin_overlapped

30299 : 0xb9816f33124 : 2 : ittapi_config_apply_per_lib :  ITTAPI function NOT instrumented (not matched by --itt-config option): __itt_task_begin_overlapped_ex

30299 : 0xb9816f337e4 : 2 : ittapi_config_apply_per_lib :  ITTAPI function NOT instrumented (not matched by --itt-config option): __itt_task_end_overlapped

30299 : 0xb9816f35e40 : 2 : ittapi_config_apply_per_lib :  ITTAPI function NOT instrumented (not matched by --itt-config option): __itt_task_end_overlapped_ex

30299 : 0xb9816f3e58d : 2 : ittapi_config_apply_per_lib :  ITTAPI function not implemented: __itt_marker_ex
30299 : 0xb9816f3f259 : 2 : ittapi_config_apply_per_lib :  ITTAPI function not implemented: __itt_metadata_add_with_scope
30299 : 0xb9816f3ff5e : 2 : ittapi_config_apply_per_lib :  ITTAPI function not implemented: __itt_metadata_str_add_with_scope
30299 : 0xb9816f40bfd : 2 : ittapi_config_apply_per_lib :  ITTAPI function not implemented: __itt_relation_add_to_current_ex
30299 : 0xb9816f41704 : 2 : ittapi_config_apply_per_lib :  ITTAPI function not implemented: __itt_relation_add_ex
30299 : 0xb9816f4221a : 2 : ittapi_config_apply_per_lib :  ITTAPI function not implemented: __itt_track_group_create
30299 : 0xb9816f42cbb : 2 : ittapi_config_apply_per_lib :  ITTAPI function not implemented: __itt_track_create
30299 : 0xb9816f43708 : 2 : ittapi_config_apply_per_lib :  ITTAPI function not implemented: __itt_set_track
30299 : 0xb9816f44038 : 2 : ittapi_config_apply_per_lib :  ITTAPI function instrumented: __itt_api_version
30299 : 0xb9816f47149 : 2 : ittapi_config_apply_per_lib :  ITTAPI function not implemented: __itt_av_save