<?xml version="1.0" encoding="utf-8"?>
<log version="1.0" tool="runtool">

<msg id="1" tool="runtool">
  <type>log-start</type>
  <arg>2017/12/14 16:05:17</arg>
</msg>
<msg id="2" tool="runtool">
  <type>collector-starts</type>
</msg>
<msg id="3" tool="runtool">
  <type>marker-file</type>
  <arg>/tmp/guest-6wgwgt/aakash_work/Intel-HPC-Workshop/advisor-results/iso3dfd/e000/mp001/mp001.advixe</arg>
</msg>
<msg id="4" tool="tc">
  <type>START</type>
  <severity>INFO</severity>
  <timestamp>Thu Dec 14 16:05:17 2017</timestamp>
</msg>
<msg id="5" tool="tc">
  <type>EXEC_OF_INTEREST</type>
  <arg>/tmp/guest-6wgwgt/aakash_work/Intel-HPC-Workshop/iso3dfd-vtune/bin/iso3dfd_dev01_cpu_avx2.exe</arg>
  <arg>627</arg>
  <severity>INFO</severity>
  <timestamp>Thu Dec 14 16:05:17 2017</timestamp>
</msg>
<msg id="6" tool="tc">
  <type>LOAD_MODULE</type>
  <arg>/tmp/guest-6wgwgt/aakash_work/Intel-HPC-Workshop/iso3dfd-vtune/bin/iso3dfd_dev01_cpu_avx2.exe</arg>
  <arg>0x400000</arg>
  <arg>0x60b87f</arg>
  <severity>INFO</severity>
  <timestamp>Thu Dec 14 16:05:17 2017</timestamp>
</msg>
<msg id="7" tool="tc">
  <type>LOAD_MODULE</type>
  <arg>/lib64/ld-linux-x86-64.so.2</arg>
  <arg>0x3388a00000</arg>
  <arg>0x3388c27167</arg>
  <severity>INFO</severity>
  <timestamp>Thu Dec 14 16:05:17 2017</timestamp>
</msg>
<msg id="8" tool="tc">
  <type>LOAD_MODULE</type>
  <arg>[vdso]</arg>
  <arg>0x7ffc37ff6000</arg>
  <arg>0x7ffc37ff6e1a</arg>
  <severity>INFO</severity>
  <timestamp>Thu Dec 14 16:05:17 2017</timestamp>
</msg>
<msg id="9" tool="tc">
  <type>LOAD_MODULE</type>
  <arg>/lib/x86_64-linux-gnu/librt.so.1</arg>
  <arg>0x338a600000</arg>
  <arg>0x338a807bbf</arg>
  <severity>INFO</severity>
  <timestamp>Thu Dec 14 16:05:17 2017</timestamp>
</msg>
<msg id="10" tool="tc">
  <type>LOAD_MODULE</type>
  <arg>/usr/lib/x86_64-linux-gnu/libstdc++.so.6</arg>
  <arg>0x3cb6a00000</arg>
  <arg>0x3cb6d813ff</arg>
  <severity>INFO</severity>
  <timestamp>Thu Dec 14 16:05:17 2017</timestamp>
</msg>
<msg id="11" tool="tc">
  <type>LOAD_MODULE</type>
  <arg>/lib/x86_64-linux-gnu/libm.so.6</arg>
  <arg>0x3389e00000</arg>
  <arg>0x338a1080f7</arg>
  <severity>INFO</severity>
  <timestamp>Thu Dec 14 16:05:17 2017</timestamp>
</msg>
<msg id="12" tool="tc">
  <type>LOAD_MODULE</type>
  <arg>/opt/intel/compilers_and_libraries_2018.1.163/linux/compiler/lib/intel64/libiomp5.so</arg>
  <arg>0x7f572af5d000</arg>
  <arg>0x7f572b315c7f</arg>
  <severity>INFO</severity>
  <timestamp>Thu Dec 14 16:05:17 2017</timestamp>
</msg>
<msg id="13" tool="tc">
  <type>LOAD_MODULE</type>
  <arg>/lib/x86_64-linux-gnu/libgcc_s.so.1</arg>
  <arg>0x3aef400000</arg>
  <arg>0x3aef61590f</arg>
  <severity>INFO</severity>
  <timestamp>Thu Dec 14 16:05:17 2017</timestamp>
</msg>
<msg id="14" tool="tc">
  <type>LOAD_MODULE</type>
  <arg>/lib/x86_64-linux-gnu/libpthread.so.0</arg>
  <arg>0x3389600000</arg>
  <arg>0x338981c427</arg>
  <severity>INFO</severity>
  <timestamp>Thu Dec 14 16:05:17 2017</timestamp>
</msg>
<msg id="15" tool="tc">
  <type>LOAD_MODULE</type>
  <arg>/lib/x86_64-linux-gnu/libc.so.6</arg>
  <arg>0x3388e00000</arg>
  <arg>0x33891c999f</arg>
  <severity>INFO</severity>
  <timestamp>Thu Dec 14 16:05:17 2017</timestamp>
</msg>
<msg id="16" tool="tc">
  <type>LOAD_MODULE</type>
  <arg>/lib/x86_64-linux-gnu/libdl.so.2</arg>
  <arg>0x3389200000</arg>
  <arg>0x33894030ef</arg>
  <severity>INFO</severity>
  <timestamp>Thu Dec 14 16:05:17 2017</timestamp>
</msg>
<msg id="17" tool="tc">
  <type>LOAD_MODULE</type>
  <arg>/opt/intel/advisor_2018.1.1.535164/lib64/runtime/libittnotify.so</arg>
  <arg>0x7f5729236000</arg>
  <arg>0x7f572944163f</arg>
  <severity>INFO</severity>
  <timestamp>Thu Dec 14 16:05:18 2017</timestamp>
</msg>
<msg id="18" tool="tc">
  <type>UNLOAD_MODULE</type>
  <arg>/tmp/guest-6wgwgt/aakash_work/Intel-HPC-Workshop/iso3dfd-vtune/bin/iso3dfd_dev01_cpu_avx2.exe</arg>
  <severity>INFO</severity>
  <timestamp>Thu Dec 14 16:05:20 2017</timestamp>
</msg>
<msg id="19" tool="tc">
  <type>UNLOAD_MODULE</type>
  <arg>/lib64/ld-linux-x86-64.so.2</arg>
  <severity>INFO</severity>
  <timestamp>Thu Dec 14 16:05:20 2017</timestamp>
</msg>
<msg id="20" tool="tc">
  <type>UNLOAD_MODULE</type>
  <arg>[vdso]</arg>
  <severity>INFO</severity>
  <timestamp>Thu Dec 14 16:05:20 2017</timestamp>
</msg>
<msg id="21" tool="tc">
  <type>UNLOAD_MODULE</type>
  <arg>/lib/x86_64-linux-gnu/librt.so.1</arg>
  <severity>INFO</severity>
  <timestamp>Thu Dec 14 16:05:20 2017</timestamp>
</msg>
<msg id="22" tool="tc">
  <type>UNLOAD_MODULE</type>
  <arg>/usr/lib/x86_64-linux-gnu/libstdc++.so.6</arg>
  <severity>INFO</severity>
  <timestamp>Thu Dec 14 16:05:20 2017</timestamp>
</msg>
<msg id="23" tool="tc">
  <type>UNLOAD_MODULE</type>
  <arg>/lib/x86_64-linux-gnu/libm.so.6</arg>
  <severity>INFO</severity>
  <timestamp>Thu Dec 14 16:05:20 2017</timestamp>
</msg>
<msg id="24" tool="tc">
  <type>UNLOAD_MODULE</type>
  <arg>/opt/intel/compilers_and_libraries_2018.1.163/linux/compiler/lib/intel64/libiomp5.so</arg>
  <severity>INFO</severity>
  <timestamp>Thu Dec 14 16:05:20 2017</timestamp>
</msg>
<msg id="25" tool="tc">
  <type>UNLOAD_MODULE</type>
  <arg>/lib/x86_64-linux-gnu/libgcc_s.so.1</arg>
  <severity>INFO</severity>
  <timestamp>Thu Dec 14 16:05:20 2017</timestamp>
</msg>
<msg id="26" tool="tc">
  <type>UNLOAD_MODULE</type>
  <arg>/lib/x86_64-linux-gnu/libpthread.so.0</arg>
  <severity>INFO</severity>
  <timestamp>Thu Dec 14 16:05:20 2017</timestamp>
</msg>
<msg id="27" tool="tc">
  <type>UNLOAD_MODULE</type>
  <arg>/lib/x86_64-linux-gnu/libc.so.6</arg>
  <severity>INFO</severity>
  <timestamp>Thu Dec 14 16:05:20 2017</timestamp>
</msg>
<msg id="28" tool="tc">
  <type>UNLOAD_MODULE</type>
  <arg>/lib/x86_64-linux-gnu/libdl.so.2</arg>
  <severity>INFO</severity>
  <timestamp>Thu Dec 14 16:05:20 2017</timestamp>
</msg>
<msg id="29" tool="tc">
  <type>UNLOAD_MODULE</type>
  <arg>/opt/intel/advisor_2018.1.1.535164/lib64/runtime/libittnotify.so</arg>
  <severity>INFO</severity>
  <timestamp>Thu Dec 14 16:05:20 2017</timestamp>
</msg>
<msg id="30" tool="tc">
  <type>PROCESS_TERMINATE</type>
  <arg>/tmp/guest-6wgwgt/aakash_work/Intel-HPC-Workshop/iso3dfd-vtune/bin/iso3dfd_dev01_cpu_avx2.exe</arg>
  <arg>627</arg>
  <severity>INFO</severity>
  <timestamp>Thu Dec 14 16:05:20 2017</timestamp>
</msg>
<msg id="31" tool="tc">
  <type>ANALYSIS_COMPLETE</type>
  <severity>INFO</severity>
  <timestamp>Thu Dec 14 16:05:20 2017</timestamp>
</msg>
<msg id="32" tool="tc">
  <type>STOP</type>
  <severity>INFO</severity>
  <timestamp>Thu Dec 14 16:05:20 2017</timestamp>
</msg>
<msg id="33" tool="runtool">
  <type>app-exit-code</type>
  <arg>0</arg>
</msg>
<msg id="34" tool="runtool">
  <type>marker-file</type>
  <arg>/tmp/guest-6wgwgt/aakash_work/Intel-HPC-Workshop/advisor-results/iso3dfd/e000/mp001/mp001.advixe</arg>
</msg>
<msg id="35" tool="runtool">
  <type>collector-done</type>
</msg>
<msg id="36" tool="runtool">
  <type>log-end</type>
  <arg>2017/12/14 16:05:24</arg>
</msg>

</log>

